<?xml version="1.0" encoding="UTF-8"?>
<!-- Generated by org.testng.reporters.JUnitXMLReporter -->
<testsuite ignored="0" hostname="C02DCP4XML7H" failures="0" tests="5" name="Test2" time="12.226" errors="0" timestamp="2022-11-20T21:17:33 IST">
  <testcase classname="com.alpha.qa.test.BookFlightTest" name="registrationPageTest" time="7.386"/>
  <testcase classname="com.alpha.qa.test.BookFlightTest" name="registrationConfirmationPageTest" time="0.092"/>
  <testcase classname="com.alpha.qa.test.BookFlightTest" name="FlightPageTest" time="1.776"/>
  <testcase classname="com.alpha.qa.test.BookFlightTest" name="FindFlightPageTest" time="0.165"/>
  <testcase classname="com.alpha.qa.test.BookFlightTest" name="FlightConfirmationPageTest" time="0.13"/>
</testsuite> <!-- Test2 -->
