<?xml version="1.0" encoding="UTF-8"?>
<!-- Generated by org.testng.reporters.JUnitXMLReporter -->
<testsuite ignored="0" hostname="C02DCP4XML7H" failures="0" tests="1" name="TestSearchFunc" time="0.201" errors="0" timestamp="2022-11-20T22:42:31 IST">
  <testcase classname="com.alpha.qa.test.SearchFuncTest" name="@BeforeTest initializeDriver" time="-1.66896435094E9">
    <failure type="org.testng.TestNGException" message="
Can inject only one of &amp;lt;ITestContext, XmlTest&amp;gt; into a @BeforeTest annotated initializeDriver.
For more information on native dependency injection please refer to https://testng.org/doc/documentation-main.html#native-dependency-injection">
      <![CDATA[org.testng.TestNGException: 
Can inject only one of <ITestContext, XmlTest> into a @BeforeTest annotated initializeDriver.
For more information on native dependency injection please refer to https://testng.org/doc/documentation-main.html#native-dependency-injection
... Removed 21 stack frames]]>
    </failure>
  </testcase> <!-- @BeforeTest initializeDriver -->
  <testcase classname="com.alpha.qa.test.SearchFuncTest" name="@AfterTest tearDown" time="0.0">
    <skipped/>
  </testcase> <!-- @AfterTest tearDown -->
  <testcase classname="com.alpha.qa.test.SearchFuncTest" name="registrationPageTest" time="0.0">
    <skipped/>
  </testcase> <!-- registrationPageTest -->
</testsuite> <!-- TestSearchFunc -->
