<?xml version="1.0" encoding="UTF-8"?>
<testng-results ignored="0" total="2" passed="2" failed="0" skipped="0">
  <reporter-output>
  </reporter-output>
  <suite started-at="2022-11-20T22:53:01 IST" name="search module" finished-at="2022-11-20T22:53:17 IST" duration-ms="15634">
    <groups>
    </groups>
    <test started-at="2022-11-20T22:53:01 IST" name="TestSearchIndia" finished-at="2022-11-20T22:53:11 IST" duration-ms="9284">
      <class name="com.alpha.qa.test.SearchFuncTest">
        <test-method is-config="true" signature="initializeDriver()[pri:0, instance:com.alpha.qa.test.SearchFuncTest@42530531]" started-at="2022-11-20T22:53:01 IST" name="initializeDriver" finished-at="2022-11-20T22:53:06 IST" duration-ms="4416" status="PASS">
          <reporter-output>
          </reporter-output>
        </test-method> <!-- initializeDriver -->
        <test-method signature="search(java.lang.String)[pri:1, instance:com.alpha.qa.test.SearchFuncTest@42530531]" started-at="2022-11-20T22:53:06 IST" name="search" finished-at="2022-11-20T22:53:10 IST" duration-ms="4457" status="PASS">
          <params>
            <param index="0">
              <value>
                <![CDATA[india]]>
              </value>
            </param>
          </params>
          <reporter-output>
          </reporter-output>
        </test-method> <!-- search -->
        <test-method is-config="true" signature="tearDown()[pri:0, instance:com.alpha.qa.test.SearchFuncTest@42530531]" started-at="2022-11-20T22:53:10 IST" name="tearDown" finished-at="2022-11-20T22:53:11 IST" duration-ms="289" status="PASS">
          <reporter-output>
          </reporter-output>
        </test-method> <!-- tearDown -->
      </class> <!-- com.alpha.qa.test.SearchFuncTest -->
    </test> <!-- TestSearchIndia -->
    <test started-at="2022-11-20T22:53:11 IST" name="TestSearchBharat" finished-at="2022-11-20T22:53:17 IST" duration-ms="6316">
      <class name="com.alpha.qa.test.SearchFuncTest">
        <test-method is-config="true" signature="initializeDriver()[pri:0, instance:com.alpha.qa.test.SearchFuncTest@67d18ed7]" started-at="2022-11-20T22:53:11 IST" name="initializeDriver" finished-at="2022-11-20T22:53:14 IST" duration-ms="2917" status="PASS">
          <reporter-output>
          </reporter-output>
        </test-method> <!-- initializeDriver -->
        <test-method signature="search(java.lang.String)[pri:1, instance:com.alpha.qa.test.SearchFuncTest@67d18ed7]" started-at="2022-11-20T22:53:14 IST" name="search" finished-at="2022-11-20T22:53:17 IST" duration-ms="3076" status="PASS">
          <params>
            <param index="0">
              <value>
                <![CDATA[Bharat]]>
              </value>
            </param>
          </params>
          <reporter-output>
          </reporter-output>
        </test-method> <!-- search -->
        <test-method is-config="true" signature="tearDown()[pri:0, instance:com.alpha.qa.test.SearchFuncTest@67d18ed7]" started-at="2022-11-20T22:53:17 IST" name="tearDown" finished-at="2022-11-20T22:53:17 IST" duration-ms="318" status="PASS">
          <reporter-output>
          </reporter-output>
        </test-method> <!-- tearDown -->
      </class> <!-- com.alpha.qa.test.SearchFuncTest -->
    </test> <!-- TestSearchBharat -->
  </suite> <!-- search module -->
</testng-results>
